<?xml version="1.0" encoding="UTF-8"?>
<testng-results ignored="0" total="2" passed="2" failed="0" skipped="0">
  <reporter-output>
  </reporter-output>
  <suite started-at="2024-07-13T14:07:28 IST" name="Master Suite" finished-at="2024-07-13T14:07:43 IST" duration-ms="15032">
    <groups>
      <group name="Master">
        <method signature="TC001_AccountRegistrationTest.verify_registration()[pri:0, instance:testCases.TC001_AccountRegistrationTest@82de64a]" name="verify_registration" class="testCases.TC001_AccountRegistrationTest"/>
        <method signature="TC002_Login.test_Login()[pri:0, instance:testCases.TC002_Login@47d9a273]" name="test_Login" class="testCases.TC002_Login"/>
      </group> <!-- Master -->
      <group name="Sanity">
        <method signature="TC002_Login.test_Login()[pri:0, instance:testCases.TC002_Login@47d9a273]" name="test_Login" class="testCases.TC002_Login"/>
      </group> <!-- Sanity -->
      <group name="Regression">
        <method signature="TC001_AccountRegistrationTest.verify_registration()[pri:0, instance:testCases.TC001_AccountRegistrationTest@82de64a]" name="verify_registration" class="testCases.TC001_AccountRegistrationTest"/>
      </group> <!-- Regression -->
    </groups>
    <test started-at="2024-07-13T14:07:28 IST" name="Test" finished-at="2024-07-13T14:07:43 IST" duration-ms="15032">
      <class name="testCases.TC002_Login">
        <test-method is-config="true" signature="setup(java.lang.String,java.lang.String)[pri:0, instance:testCases.TC002_Login@47d9a273]" started-at="2024-07-13T14:07:38 IST" name="setup" finished-at="2024-07-13T14:07:41 IST" duration-ms="2469" status="PASS">
          <params>
            <param index="0">
              <value>
                <![CDATA[windows]]>
              </value>
            </param>
            <param index="1">
              <value>
                <![CDATA[chrome]]>
              </value>
            </param>
          </params>
          <reporter-output>
          </reporter-output>
        </test-method> <!-- setup -->
        <test-method signature="test_Login()[pri:0, instance:testCases.TC002_Login@47d9a273]" started-at="2024-07-13T14:07:41 IST" name="test_Login" finished-at="2024-07-13T14:07:42 IST" duration-ms="1781" status="PASS">
          <reporter-output>
          </reporter-output>
        </test-method> <!-- test_Login -->
        <test-method is-config="true" signature="tearDown()[pri:0, instance:testCases.TC002_Login@47d9a273]" started-at="2024-07-13T14:07:42 IST" name="tearDown" finished-at="2024-07-13T14:07:43 IST" duration-ms="188" status="PASS">
          <reporter-output>
          </reporter-output>
        </test-method> <!-- tearDown -->
      </class> <!-- testCases.TC002_Login -->
      <class name="testCases.TC001_AccountRegistrationTest">
        <test-method is-config="true" signature="setup(java.lang.String,java.lang.String)[pri:0, instance:testCases.TC001_AccountRegistrationTest@82de64a]" started-at="2024-07-13T14:07:28 IST" name="setup" finished-at="2024-07-13T14:07:35 IST" duration-ms="7164" status="PASS">
          <params>
            <param index="0">
              <value>
                <![CDATA[windows]]>
              </value>
            </param>
            <param index="1">
              <value>
                <![CDATA[chrome]]>
              </value>
            </param>
          </params>
          <reporter-output>
          </reporter-output>
        </test-method> <!-- setup -->
        <test-method signature="verify_registration()[pri:0, instance:testCases.TC001_AccountRegistrationTest@82de64a]" started-at="2024-07-13T14:07:35 IST" name="verify_registration" finished-at="2024-07-13T14:07:38 IST" duration-ms="2667" status="PASS">
          <reporter-output>
          </reporter-output>
        </test-method> <!-- verify_registration -->
        <test-method is-config="true" signature="tearDown()[pri:0, instance:testCases.TC001_AccountRegistrationTest@82de64a]" started-at="2024-07-13T14:07:38 IST" name="tearDown" finished-at="2024-07-13T14:07:38 IST" duration-ms="241" status="PASS">
          <reporter-output>
          </reporter-output>
        </test-method> <!-- tearDown -->
      </class> <!-- testCases.TC001_AccountRegistrationTest -->
    </test> <!-- Test -->
  </suite> <!-- Master Suite -->
</testng-results>
