<?xml version="1.0" encoding="UTF-8"?>
<testng-results ignored="0" total="1" passed="1" failed="0" skipped="0">
  <reporter-output>
  </reporter-output>
  <suite started-at="2024-07-11T10:20:54 IST" name="Master Suite" finished-at="2024-07-11T10:21:11 IST" duration-ms="17084">
    <groups>
      <group name="Master">
        <method signature="TC002_Login.test_Login()[pri:0, instance:testCases.TC002_Login@7526515b]" name="test_Login" class="testCases.TC002_Login"/>
      </group> <!-- Master -->
      <group name="Sanity">
        <method signature="TC002_Login.test_Login()[pri:0, instance:testCases.TC002_Login@7526515b]" name="test_Login" class="testCases.TC002_Login"/>
      </group> <!-- Sanity -->
    </groups>
    <test started-at="2024-07-11T10:20:54 IST" name="Test" finished-at="2024-07-11T10:21:11 IST" duration-ms="17084">
      <class name="testCases.TC002_Login">
        <test-method is-config="true" signature="setup(java.lang.String,java.lang.String)[pri:0, instance:testCases.TC002_Login@7526515b]" started-at="2024-07-11T10:20:56 IST" name="setup" finished-at="2024-07-11T10:21:05 IST" duration-ms="9666" status="PASS">
          <params>
            <param index="0">
              <value>
                <![CDATA[windows]]>
              </value>
            </param>
            <param index="1">
              <value>
                <![CDATA[chrome]]>
              </value>
            </param>
          </params>
          <reporter-output>
          </reporter-output>
        </test-method> <!-- setup -->
        <test-method signature="test_Login()[pri:0, instance:testCases.TC002_Login@7526515b]" started-at="2024-07-11T10:21:05 IST" name="test_Login" finished-at="2024-07-11T10:21:09 IST" duration-ms="3293" status="PASS">
          <reporter-output>
          </reporter-output>
        </test-method> <!-- test_Login -->
        <test-method is-config="true" signature="tearDown()[pri:0, instance:testCases.TC002_Login@7526515b]" started-at="2024-07-11T10:21:09 IST" name="tearDown" finished-at="2024-07-11T10:21:11 IST" duration-ms="2537" status="PASS">
          <reporter-output>
          </reporter-output>
        </test-method> <!-- tearDown -->
      </class> <!-- testCases.TC002_Login -->
    </test> <!-- Test -->
  </suite> <!-- Master Suite -->
</testng-results>
